2026-07-02 04:35:02,337 - INFO - Processing URL: https://raw.githubusercontent.com/mfuu/v2ray/master/v2ray
2026-07-02 04:35:02,370 - INFO - Processing URL: https://raw.githubusercontent.com/SamanGho/v2ray_collector/refs/heads/main/base64
2026-07-02 04:35:02,422 - INFO - Failed to fetch content from URL: https://raw.githubusercontent.com/SamanGho/v2ray_collector/refs/heads/main/base64
2026-07-02 04:35:02,423 - INFO - Processing URL: https://bulinkbulink.com/freefq/free/master/v2
2026-07-02 04:35:03,626 - INFO - Processing URL: https://raw.githubusercontent.com/aiboboxx/v2rayfree/main/v2
2026-07-02 04:35:03,654 - INFO - Failed to fetch content from URL: https://raw.githubusercontent.com/aiboboxx/v2rayfree/main/v2
2026-07-02 04:35:03,654 - INFO - Processing URL: https://proxy.v2gh.com/https://raw.githubusercontent.com/Pawdroid/Free-servers/main/sub
2026-07-02 04:35:04,508 - INFO - Processing URL: https://shareclash.github.io/uploads/2026/07/0-20260702.txt
2026-07-02 04:35:04,575 - INFO - Failed to fetch content from URL: https://shareclash.github.io/uploads/2026/07/0-20260702.txt
2026-07-02 04:35:04,576 - INFO - Processing URL: https://shareclash.github.io/uploads/2026/07/1-20260702.txt
2026-07-02 04:35:04,658 - INFO - Failed to fetch content from URL: https://shareclash.github.io/uploads/2026/07/1-20260702.txt
2026-07-02 04:35:04,658 - INFO - Processing URL: https://shareclash.github.io/uploads/2026/07/2-20260702.txt
2026-07-02 04:35:04,704 - INFO - Failed to fetch content from URL: https://shareclash.github.io/uploads/2026/07/2-20260702.txt
2026-07-02 04:35:04,704 - INFO - Processing URL: https://shareclash.github.io/uploads/2026/07/3-20260702.txt
2026-07-02 04:35:04,748 - INFO - Failed to fetch content from URL: https://shareclash.github.io/uploads/2026/07/3-20260702.txt
2026-07-02 04:35:04,748 - INFO - Processing URL: https://shareclash.github.io/uploads/2026/07/4-20260702.txt
2026-07-02 04:35:04,793 - INFO - Failed to fetch content from URL: https://shareclash.github.io/uploads/2026/07/4-20260702.txt
2026-07-02 04:35:04,793 - INFO - Processing URL: https://shareclash.github.io/uploads/2026/07/0-20260701.txt
2026-07-02 04:35:04,845 - INFO - Processing URL: https://shareclash.github.io/uploads/2026/07/1-20260701.txt
2026-07-02 04:35:04,914 - INFO - Processing URL: https://shareclash.github.io/uploads/2026/07/2-20260701.txt
2026-07-02 04:35:04,954 - INFO - Processing URL: https://shareclash.github.io/uploads/2026/07/3-20260701.txt
2026-07-02 04:35:04,999 - INFO - Processing URL: https://shareclash.github.io/uploads/2026/07/4-20260701.txt
2026-07-02 04:35:05,061 - INFO - Processing URL: https://raw.githubusercontent.com/ermaozi/get_subscribe/main/subscribe/v2ray.txt
2026-07-02 04:35:05,091 - INFO - Processing URL: https://fs.v2rayse.com/share/20241229/veowliarr5.txt
2026-07-02 04:35:05,268 - INFO - Failed to fetch content from URL: https://fs.v2rayse.com/share/20241229/veowliarr5.txt
2026-07-02 04:35:05,269 - INFO - Processing URL: https://testingcf.jsdelivr.net/gh/chengaopan/AutoMergePublicNodes@master/list.txt
2026-07-02 04:35:05,317 - INFO - Processing URL: https://raw.githubusercontent.com/snakem982/proxypool/main/source/v2ray.txt
2026-07-02 04:35:05,352 - INFO - Failed to fetch content from URL: https://raw.githubusercontent.com/snakem982/proxypool/main/source/v2ray.txt
2026-07-02 04:35:05,353 - INFO - Processing URL: https://raw.githubusercontent.com/a2470982985/getNode/main/v2ray.txt
2026-07-02 04:35:05,411 - INFO - Processing URL: https://raw.githubusercontent.com/Barabama/FreeNodes/main/nodes/yudou66.txt
2026-07-02 04:35:05,471 - INFO - Processing URL: https://raw.githubusercontent.com/Barabama/FreeNodes/main/nodes/clashmeta.txt
2026-07-02 04:35:05,514 - INFO - Processing URL: https://raw.githubusercontent.com/Barabama/FreeNodes/main/nodes/ndnode.txt
2026-07-02 04:35:05,546 - INFO - Processing URL: https://raw.githubusercontent.com/Barabama/FreeNodes/main/nodes/nodev2ray.txt
2026-07-02 04:35:05,576 - INFO - Processing URL: https://raw.githubusercontent.com/Barabama/FreeNodes/main/nodes/nodefree.txt
2026-07-02 04:35:05,610 - INFO - Processing URL: https://raw.githubusercontent.com/Barabama/FreeNodes/main/nodes/v2rayshare.txt
2026-07-02 04:35:05,645 - INFO - Processing URL: https://raw.githubusercontent.com/Barabama/FreeNodes/main/nodes/wenode.txt
